<?xml version="1.0" encoding="UTF-8"?>
<!-- Generated by org.testng.reporters.JUnitReportReporter -->
<testsuite skipped="0" hostname="DESKTOP-KF0H7EQ" name="tests.VodafoneTest" tests="1" failures="0" timestamp="20 Apr 2019 19:21:45 GMT" time="17.400" errors="0">
  <testcase name="vodafoneTest" time="17.400" classname="tests.VodafoneTest"/>
</testsuite> <!-- tests.VodafoneTest -->
