<?xml version="1.0" encoding="UTF-8"?>
<!-- Generated by org.testng.reporters.JUnitReportReporter -->
<testsuite skipped="0" hostname="DESKTOP-KF0H7EQ" name="tests.VodafoneTest" tests="1" failures="0" timestamp="20 Apr 2019 20:37:38 GMT" time="16.329" errors="0">
  <testcase name="vodafoneTest" time="16.329" classname="tests.VodafoneTest"/>
</testsuite> <!-- tests.VodafoneTest -->
