<?xml version="1.0" encoding="UTF-8"?>
<!-- Generated by org.testng.reporters.JUnitReportReporter -->
<<<<<<< HEAD
<testsuite skipped="0" hostname="DESKTOP-KF0H7EQ" name="tests.VodafoneTest" tests="1" failures="0" timestamp="21 Apr 2019 11:55:44 GMT" time="16.619" errors="0">
  <testcase name="vodafoneTest" time="16.619" classname="tests.VodafoneTest"/>
=======
<testsuite skipped="0" hostname="DESKTOP-KF0H7EQ" name="tests.VodafoneTest" tests="1" failures="0" timestamp="20 Apr 2019 10:52:32 GMT" time="15.580" errors="0">
  <testcase name="vodafoneTest" time="15.580" classname="tests.VodafoneTest"/>
>>>>>>> test
</testsuite> <!-- tests.VodafoneTest -->
