<?xml version="1.0" encoding="UTF-8"?>
<!-- Generated by org.testng.reporters.JUnitReportReporter -->
<testsuite skipped="0" hostname="DESKTOP-KF0H7EQ" name="tests.VodafoneTest" tests="1" failures="0" timestamp="21 Apr 2019 09:43:22 GMT" time="15.413" errors="0">
  <testcase name="vodafoneTest" time="15.413" classname="tests.VodafoneTest"/>
</testsuite> <!-- tests.VodafoneTest -->
